[08-May-2017 00:15:36 Europe/Berlin] starting REST server request, method=POST, uri = .../rest/day/
[08-May-2017 00:15:36 Europe/Berlin] request at case day
[08-May-2017 00:15:36 Europe/Berlin] rest server in handle_post_day
[08-May-2017 00:15:36 Europe/Berlin] Server saw POSTed day = 3
[08-May-2017 00:15:36 Europe/Berlin] starting REST server request, method=GET, uri = .../rest/orders/1
[08-May-2017 00:15:36 Europe/Berlin] request at case orders
[08-May-2017 00:15:36 Europe/Berlin] PHP Warning:  Illegal string offset 'orderID' in /Applications/XAMPP/xamppfiles/htdocs/cs637/rdahal/proj2/proj2_server/model/order_db.php on line 121
[08-May-2017 00:15:36 Europe/Berlin] PHP Warning:  Illegal string offset 'orderID' in /Applications/XAMPP/xamppfiles/htdocs/cs637/rdahal/proj2/proj2_server/model/order_db.php on line 121
[08-May-2017 00:15:36 Europe/Berlin] PHP Warning:  Illegal string offset 'orderID' in /Applications/XAMPP/xamppfiles/htdocs/cs637/rdahal/proj2/proj2_server/model/order_db.php on line 121
[08-May-2017 00:15:36 Europe/Berlin] PHP Warning:  Illegal string offset 'items' in /Applications/XAMPP/xamppfiles/htdocs/cs637/rdahal/proj2/proj2_server/model/order_db.php on line 127
[08-May-2017 00:15:36 Europe/Berlin] PHP Notice:  Array to string conversion in /Applications/XAMPP/xamppfiles/htdocs/cs637/rdahal/proj2/proj2_server/model/order_db.php on line 127
[08-May-2017 00:15:36 Europe/Berlin] hi from handle_get_order{"customerID":"1","orderID":"1","delivered":"false","items":[{"productID":"11","quantity":"1"},{"productID":"12","quantity":"1"}]}
[08-May-2017 00:15:36 Europe/Berlin] starting REST server request, method=POST, uri = .../rest/orders/
[08-May-2017 00:15:36 Europe/Berlin] request at case orders
[08-May-2017 00:15:36 Europe/Berlin] Server saw post data{"customerID":1,"order_items":[{"product_code":"flour","quantity":1},{"product_code":"cheese","quantity":2}]}
[08-May-2017 00:15:36 Europe/Berlin] hi from handle_post_product, header = Location: http://localhost/cs637/rdahal/proj2/proj2_server/rest/orders/2
[08-May-2017 00:55:52 Europe/Berlin] starting REST server request, method=POST, uri = .../rest/day/
[08-May-2017 00:55:52 Europe/Berlin] request at case day
[08-May-2017 00:55:52 Europe/Berlin] rest server in handle_post_day
[08-May-2017 00:55:52 Europe/Berlin] Server saw POSTed day = 4
[08-May-2017 00:55:52 Europe/Berlin] starting REST server request, method=GET, uri = .../rest/orders/1
[08-May-2017 00:55:52 Europe/Berlin] request at case orders
[08-May-2017 00:55:52 Europe/Berlin] PHP Warning:  Illegal string offset 'orderID' in /Applications/XAMPP/xamppfiles/htdocs/cs637/rdahal/proj2/proj2_server/model/order_db.php on line 121
[08-May-2017 00:55:52 Europe/Berlin] PHP Warning:  Illegal string offset 'orderID' in /Applications/XAMPP/xamppfiles/htdocs/cs637/rdahal/proj2/proj2_server/model/order_db.php on line 121
[08-May-2017 00:55:52 Europe/Berlin] PHP Warning:  Illegal string offset 'orderID' in /Applications/XAMPP/xamppfiles/htdocs/cs637/rdahal/proj2/proj2_server/model/order_db.php on line 121
[08-May-2017 00:55:52 Europe/Berlin] PHP Warning:  Illegal string offset 'items' in /Applications/XAMPP/xamppfiles/htdocs/cs637/rdahal/proj2/proj2_server/model/order_db.php on line 127
[08-May-2017 00:55:52 Europe/Berlin] PHP Notice:  Array to string conversion in /Applications/XAMPP/xamppfiles/htdocs/cs637/rdahal/proj2/proj2_server/model/order_db.php on line 127
[08-May-2017 00:55:52 Europe/Berlin] hi from handle_get_order{"customerID":"1","orderID":"1","delivered":"false","items":[{"productID":"11","quantity":"1"},{"productID":"12","quantity":"1"}]}
[08-May-2017 00:55:52 Europe/Berlin] starting REST server request, method=GET, uri = .../rest/orders/2
[08-May-2017 00:55:52 Europe/Berlin] request at case orders
[08-May-2017 00:55:52 Europe/Berlin] PHP Warning:  Illegal string offset 'orderID' in /Applications/XAMPP/xamppfiles/htdocs/cs637/rdahal/proj2/proj2_server/model/order_db.php on line 121
[08-May-2017 00:55:52 Europe/Berlin] PHP Warning:  Illegal string offset 'orderID' in /Applications/XAMPP/xamppfiles/htdocs/cs637/rdahal/proj2/proj2_server/model/order_db.php on line 121
[08-May-2017 00:55:52 Europe/Berlin] PHP Warning:  Illegal string offset 'orderID' in /Applications/XAMPP/xamppfiles/htdocs/cs637/rdahal/proj2/proj2_server/model/order_db.php on line 121
[08-May-2017 00:55:52 Europe/Berlin] PHP Warning:  Illegal string offset 'items' in /Applications/XAMPP/xamppfiles/htdocs/cs637/rdahal/proj2/proj2_server/model/order_db.php on line 127
[08-May-2017 00:55:52 Europe/Berlin] PHP Notice:  Array to string conversion in /Applications/XAMPP/xamppfiles/htdocs/cs637/rdahal/proj2/proj2_server/model/order_db.php on line 127
[08-May-2017 00:55:52 Europe/Berlin] hi from handle_get_order{"customerID":"1","orderID":"2","delivered":"false","items":[{"productID":"11","quantity":"1"},{"productID":"12","quantity":"2"}]}
[08-May-2017 00:56:39 Europe/Berlin] starting REST server request, method=POST, uri = .../rest/day/
[08-May-2017 00:56:39 Europe/Berlin] request at case day
[08-May-2017 00:56:39 Europe/Berlin] rest server in handle_post_day
[08-May-2017 00:56:39 Europe/Berlin] Server saw POSTed day = 5
[08-May-2017 00:56:39 Europe/Berlin] starting REST server request, method=GET, uri = .../rest/orders/1
[08-May-2017 00:56:39 Europe/Berlin] request at case orders
[08-May-2017 00:56:39 Europe/Berlin] PHP Warning:  Illegal string offset 'orderID' in /Applications/XAMPP/xamppfiles/htdocs/cs637/rdahal/proj2/proj2_server/model/order_db.php on line 121
[08-May-2017 00:56:39 Europe/Berlin] PHP Warning:  Illegal string offset 'orderID' in /Applications/XAMPP/xamppfiles/htdocs/cs637/rdahal/proj2/proj2_server/model/order_db.php on line 121
[08-May-2017 00:56:39 Europe/Berlin] PHP Warning:  Illegal string offset 'orderID' in /Applications/XAMPP/xamppfiles/htdocs/cs637/rdahal/proj2/proj2_server/model/order_db.php on line 121
[08-May-2017 00:56:39 Europe/Berlin] PHP Warning:  Illegal string offset 'items' in /Applications/XAMPP/xamppfiles/htdocs/cs637/rdahal/proj2/proj2_server/model/order_db.php on line 127
[08-May-2017 00:56:39 Europe/Berlin] PHP Notice:  Array to string conversion in /Applications/XAMPP/xamppfiles/htdocs/cs637/rdahal/proj2/proj2_server/model/order_db.php on line 127
[08-May-2017 00:56:39 Europe/Berlin] hi from handle_get_order{"customerID":"1","orderID":"1","delivered":"false","items":[{"productID":"11","quantity":"1"},{"productID":"12","quantity":"1"}]}
[08-May-2017 00:56:39 Europe/Berlin] starting REST server request, method=GET, uri = .../rest/orders/2
[08-May-2017 00:56:39 Europe/Berlin] request at case orders
[08-May-2017 00:56:39 Europe/Berlin] PHP Warning:  Illegal string offset 'orderID' in /Applications/XAMPP/xamppfiles/htdocs/cs637/rdahal/proj2/proj2_server/model/order_db.php on line 121
[08-May-2017 00:56:39 Europe/Berlin] PHP Warning:  Illegal string offset 'orderID' in /Applications/XAMPP/xamppfiles/htdocs/cs637/rdahal/proj2/proj2_server/model/order_db.php on line 121
[08-May-2017 00:56:39 Europe/Berlin] PHP Warning:  Illegal string offset 'orderID' in /Applications/XAMPP/xamppfiles/htdocs/cs637/rdahal/proj2/proj2_server/model/order_db.php on line 121
[08-May-2017 00:56:39 Europe/Berlin] PHP Warning:  Illegal string offset 'items' in /Applications/XAMPP/xamppfiles/htdocs/cs637/rdahal/proj2/proj2_server/model/order_db.php on line 127
[08-May-2017 00:56:39 Europe/Berlin] PHP Notice:  Array to string conversion in /Applications/XAMPP/xamppfiles/htdocs/cs637/rdahal/proj2/proj2_server/model/order_db.php on line 127
[08-May-2017 00:56:39 Europe/Berlin] hi from handle_get_order{"customerID":"1","orderID":"2","delivered":"false","items":[{"productID":"11","quantity":"1"},{"productID":"12","quantity":"2"}]}
[08-May-2017 00:56:39 Europe/Berlin] starting REST server request, method=POST, uri = .../rest/orders/
[08-May-2017 00:56:39 Europe/Berlin] request at case orders
[08-May-2017 00:56:39 Europe/Berlin] Server saw post data{"customerID":1,"order_items":[{"product_code":"flour","quantity":2},{"product_code":"cheese","quantity":5}]}
[08-May-2017 00:56:39 Europe/Berlin] hi from handle_post_product, header = Location: http://localhost/cs637/rdahal/proj2/proj2_server/rest/orders/3
[08-May-2017 00:57:21 Europe/Berlin] starting REST server request, method=POST, uri = .../rest/day/
[08-May-2017 00:57:21 Europe/Berlin] request at case day
[08-May-2017 00:57:21 Europe/Berlin] rest server in handle_post_day
[08-May-2017 00:57:21 Europe/Berlin] Server saw POSTed day = 6
[08-May-2017 00:57:21 Europe/Berlin] starting REST server request, method=GET, uri = .../rest/orders/1
[08-May-2017 00:57:21 Europe/Berlin] request at case orders
[08-May-2017 00:57:21 Europe/Berlin] PHP Warning:  Illegal string offset 'orderID' in /Applications/XAMPP/xamppfiles/htdocs/cs637/rdahal/proj2/proj2_server/model/order_db.php on line 121
[08-May-2017 00:57:21 Europe/Berlin] PHP Warning:  Illegal string offset 'orderID' in /Applications/XAMPP/xamppfiles/htdocs/cs637/rdahal/proj2/proj2_server/model/order_db.php on line 121
[08-May-2017 00:57:21 Europe/Berlin] PHP Warning:  Illegal string offset 'orderID' in /Applications/XAMPP/xamppfiles/htdocs/cs637/rdahal/proj2/proj2_server/model/order_db.php on line 121
[08-May-2017 00:57:21 Europe/Berlin] PHP Warning:  Illegal string offset 'items' in /Applications/XAMPP/xamppfiles/htdocs/cs637/rdahal/proj2/proj2_server/model/order_db.php on line 127
[08-May-2017 00:57:21 Europe/Berlin] PHP Notice:  Array to string conversion in /Applications/XAMPP/xamppfiles/htdocs/cs637/rdahal/proj2/proj2_server/model/order_db.php on line 127
[08-May-2017 00:57:21 Europe/Berlin] hi from handle_get_order{"customerID":"1","orderID":"1","delivered":"false","items":[{"productID":"11","quantity":"1"},{"productID":"12","quantity":"1"}]}
[08-May-2017 00:57:21 Europe/Berlin] starting REST server request, method=GET, uri = .../rest/orders/2
[08-May-2017 00:57:21 Europe/Berlin] request at case orders
[08-May-2017 00:57:21 Europe/Berlin] PHP Warning:  Illegal string offset 'orderID' in /Applications/XAMPP/xamppfiles/htdocs/cs637/rdahal/proj2/proj2_server/model/order_db.php on line 121
[08-May-2017 00:57:21 Europe/Berlin] PHP Warning:  Illegal string offset 'orderID' in /Applications/XAMPP/xamppfiles/htdocs/cs637/rdahal/proj2/proj2_server/model/order_db.php on line 121
[08-May-2017 00:57:21 Europe/Berlin] PHP Warning:  Illegal string offset 'orderID' in /Applications/XAMPP/xamppfiles/htdocs/cs637/rdahal/proj2/proj2_server/model/order_db.php on line 121
[08-May-2017 00:57:21 Europe/Berlin] PHP Warning:  Illegal string offset 'items' in /Applications/XAMPP/xamppfiles/htdocs/cs637/rdahal/proj2/proj2_server/model/order_db.php on line 127
[08-May-2017 00:57:21 Europe/Berlin] PHP Notice:  Array to string conversion in /Applications/XAMPP/xamppfiles/htdocs/cs637/rdahal/proj2/proj2_server/model/order_db.php on line 127
[08-May-2017 00:57:21 Europe/Berlin] hi from handle_get_order{"customerID":"1","orderID":"2","delivered":"false","items":[{"productID":"11","quantity":"1"},{"productID":"12","quantity":"2"}]}
[08-May-2017 00:57:21 Europe/Berlin] starting REST server request, method=GET, uri = .../rest/orders/3
[08-May-2017 00:57:21 Europe/Berlin] request at case orders
[08-May-2017 00:57:21 Europe/Berlin] PHP Warning:  Illegal string offset 'orderID' in /Applications/XAMPP/xamppfiles/htdocs/cs637/rdahal/proj2/proj2_server/model/order_db.php on line 121
[08-May-2017 00:57:21 Europe/Berlin] PHP Warning:  Illegal string offset 'orderID' in /Applications/XAMPP/xamppfiles/htdocs/cs637/rdahal/proj2/proj2_server/model/order_db.php on line 121
[08-May-2017 00:57:21 Europe/Berlin] PHP Warning:  Illegal string offset 'orderID' in /Applications/XAMPP/xamppfiles/htdocs/cs637/rdahal/proj2/proj2_server/model/order_db.php on line 121
[08-May-2017 00:57:21 Europe/Berlin] PHP Warning:  Illegal string offset 'items' in /Applications/XAMPP/xamppfiles/htdocs/cs637/rdahal/proj2/proj2_server/model/order_db.php on line 127
[08-May-2017 00:57:21 Europe/Berlin] PHP Notice:  Array to string conversion in /Applications/XAMPP/xamppfiles/htdocs/cs637/rdahal/proj2/proj2_server/model/order_db.php on line 127
[08-May-2017 00:57:21 Europe/Berlin] hi from handle_get_order{"customerID":"1","orderID":"3","delivered":"false","items":[{"productID":"11","quantity":"2"},{"productID":"12","quantity":"5"}]}
[08-May-2017 01:25:52 Europe/Berlin] starting REST server request, method=GET, uri = .../rest/orders/
[08-May-2017 01:25:52 Europe/Berlin] request at case orders
[08-May-2017 01:25:52 Europe/Berlin] PHP Warning:  Illegal string offset 'orderID' in /Applications/XAMPP/xamppfiles/htdocs/cs637/rdahal/proj2/proj2_server/model/order_db.php on line 155
[08-May-2017 01:25:52 Europe/Berlin] PHP Warning:  Illegal string offset 'customerID' in /Applications/XAMPP/xamppfiles/htdocs/cs637/rdahal/proj2/proj2_server/model/order_db.php on line 161
[08-May-2017 01:25:52 Europe/Berlin] PHP Warning:  Illegal string offset 'orderID' in /Applications/XAMPP/xamppfiles/htdocs/cs637/rdahal/proj2/proj2_server/model/order_db.php on line 161
[08-May-2017 01:25:52 Europe/Berlin] PHP Warning:  Illegal string offset 'orderID' in /Applications/XAMPP/xamppfiles/htdocs/cs637/rdahal/proj2/proj2_server/model/order_db.php on line 155
[08-May-2017 01:25:52 Europe/Berlin] PHP Warning:  Illegal string offset 'customerID' in /Applications/XAMPP/xamppfiles/htdocs/cs637/rdahal/proj2/proj2_server/model/order_db.php on line 161
[08-May-2017 01:25:52 Europe/Berlin] PHP Warning:  Illegal string offset 'orderID' in /Applications/XAMPP/xamppfiles/htdocs/cs637/rdahal/proj2/proj2_server/model/order_db.php on line 161
[08-May-2017 01:25:52 Europe/Berlin] PHP Warning:  Illegal string offset 'orderID' in /Applications/XAMPP/xamppfiles/htdocs/cs637/rdahal/proj2/proj2_server/model/order_db.php on line 155
[08-May-2017 01:25:52 Europe/Berlin] hi from handle_get_orders[{"customerID":"1","orderID":"1","items":[[{"productID":"11","quantity":"1"},{"productID":"12","quantity":"1"}]]},{"customerID":"1","orderID":"1","items":[[{"productID":"11","quantity":"1"},{"productID":"12","quantity":"1"}]]}]
[08-May-2017 01:38:35 Europe/Berlin] starting REST server request, method=GET, uri = .../rest/day/
[08-May-2017 01:38:35 Europe/Berlin] request at case day
[08-May-2017 01:38:35 Europe/Berlin] rest server in handle_get_day, day = 6
[08-May-2017 01:38:43 Europe/Berlin] PHP Notice:  Undefined offset: 3 in /Applications/XAMPP/xamppfiles/htdocs/cs637/rdahal/proj2/proj2_server/rest/index.php on line 33
[08-May-2017 01:38:43 Europe/Berlin] starting REST server request, method=GET, uri = .../rest/day
[08-May-2017 01:38:43 Europe/Berlin] request at case day
[08-May-2017 01:38:43 Europe/Berlin] rest server in handle_get_day, day = 6
[08-May-2017 01:39:20 Europe/Berlin] PHP Notice:  Undefined offset: 3 in /Applications/XAMPP/xamppfiles/htdocs/cs637/rdahal/proj2/proj2_server/rest/index.php on line 33
[08-May-2017 01:39:20 Europe/Berlin] starting REST server request, method=GET, uri = .../rest/day
[08-May-2017 01:39:20 Europe/Berlin] request at case day
[08-May-2017 01:39:20 Europe/Berlin] rest server in handle_get_day, day = 6
[08-May-2017 01:39:29 Europe/Berlin] starting REST server request, method=GET, uri = .../rest/orders/
[08-May-2017 01:39:29 Europe/Berlin] request at case orders
[08-May-2017 01:39:29 Europe/Berlin] PHP Warning:  Illegal string offset 'orderID' in /Applications/XAMPP/xamppfiles/htdocs/cs637/rdahal/proj2/proj2_server/model/order_db.php on line 155
[08-May-2017 01:39:29 Europe/Berlin] PHP Warning:  Illegal string offset 'customerID' in /Applications/XAMPP/xamppfiles/htdocs/cs637/rdahal/proj2/proj2_server/model/order_db.php on line 161
[08-May-2017 01:39:29 Europe/Berlin] PHP Warning:  Illegal string offset 'orderID' in /Applications/XAMPP/xamppfiles/htdocs/cs637/rdahal/proj2/proj2_server/model/order_db.php on line 161
[08-May-2017 01:39:29 Europe/Berlin] PHP Warning:  Illegal string offset 'orderID' in /Applications/XAMPP/xamppfiles/htdocs/cs637/rdahal/proj2/proj2_server/model/order_db.php on line 155
[08-May-2017 01:39:29 Europe/Berlin] PHP Warning:  Illegal string offset 'customerID' in /Applications/XAMPP/xamppfiles/htdocs/cs637/rdahal/proj2/proj2_server/model/order_db.php on line 161
[08-May-2017 01:39:29 Europe/Berlin] PHP Warning:  Illegal string offset 'orderID' in /Applications/XAMPP/xamppfiles/htdocs/cs637/rdahal/proj2/proj2_server/model/order_db.php on line 161
[08-May-2017 01:39:29 Europe/Berlin] PHP Warning:  Illegal string offset 'orderID' in /Applications/XAMPP/xamppfiles/htdocs/cs637/rdahal/proj2/proj2_server/model/order_db.php on line 155
[08-May-2017 01:39:29 Europe/Berlin] hi from handle_get_orders[{"customerID":"1","orderID":"1","items":[[{"productID":"11","quantity":"1"},{"productID":"12","quantity":"1"}]]},{"customerID":"1","orderID":"1","items":[[{"productID":"11","quantity":"1"},{"productID":"12","quantity":"1"}]]}]
[08-May-2017 01:39:47 Europe/Berlin] starting REST server request, method=GET, uri = .../rest/orders/
[08-May-2017 01:39:47 Europe/Berlin] request at case orders
[08-May-2017 01:39:47 Europe/Berlin] PHP Warning:  Illegal string offset 'orderID' in /Applications/XAMPP/xamppfiles/htdocs/cs637/rdahal/proj2/proj2_server/model/order_db.php on line 155
[08-May-2017 01:39:47 Europe/Berlin] PHP Warning:  Illegal string offset 'customerID' in /Applications/XAMPP/xamppfiles/htdocs/cs637/rdahal/proj2/proj2_server/model/order_db.php on line 161
[08-May-2017 01:39:47 Europe/Berlin] PHP Warning:  Illegal string offset 'orderID' in /Applications/XAMPP/xamppfiles/htdocs/cs637/rdahal/proj2/proj2_server/model/order_db.php on line 161
[08-May-2017 01:39:47 Europe/Berlin] PHP Warning:  Illegal string offset 'orderID' in /Applications/XAMPP/xamppfiles/htdocs/cs637/rdahal/proj2/proj2_server/model/order_db.php on line 155
[08-May-2017 01:39:47 Europe/Berlin] PHP Warning:  Illegal string offset 'customerID' in /Applications/XAMPP/xamppfiles/htdocs/cs637/rdahal/proj2/proj2_server/model/order_db.php on line 161
[08-May-2017 01:39:47 Europe/Berlin] PHP Warning:  Illegal string offset 'orderID' in /Applications/XAMPP/xamppfiles/htdocs/cs637/rdahal/proj2/proj2_server/model/order_db.php on line 161
[08-May-2017 01:39:47 Europe/Berlin] PHP Warning:  Illegal string offset 'orderID' in /Applications/XAMPP/xamppfiles/htdocs/cs637/rdahal/proj2/proj2_server/model/order_db.php on line 155
[08-May-2017 01:39:47 Europe/Berlin] hi from handle_get_orders[{"customerID":"1","orderID":"1","items":[[{"productID":"11","quantity":"1"},{"productID":"12","quantity":"1"}]]},{"customerID":"1","orderID":"1","items":[[{"productID":"11","quantity":"1"},{"productID":"12","quantity":"1"}]]}]
[08-May-2017 01:39:56 Europe/Berlin] starting REST server request, method=GET, uri = .../rest/products/
[08-May-2017 01:39:56 Europe/Berlin] request at case product
[08-May-2017 01:39:56 Europe/Berlin] hi from handle_get_product
[08-May-2017 01:40:16 Europe/Berlin] starting REST server request, method=GET, uri = .../rest/orders/1
[08-May-2017 01:40:16 Europe/Berlin] request at case orders
[08-May-2017 01:40:16 Europe/Berlin] PHP Warning:  Illegal string offset 'orderID' in /Applications/XAMPP/xamppfiles/htdocs/cs637/rdahal/proj2/proj2_server/model/order_db.php on line 121
[08-May-2017 01:40:16 Europe/Berlin] PHP Warning:  Illegal string offset 'orderID' in /Applications/XAMPP/xamppfiles/htdocs/cs637/rdahal/proj2/proj2_server/model/order_db.php on line 121
[08-May-2017 01:40:16 Europe/Berlin] PHP Warning:  Illegal string offset 'orderID' in /Applications/XAMPP/xamppfiles/htdocs/cs637/rdahal/proj2/proj2_server/model/order_db.php on line 121
[08-May-2017 01:40:16 Europe/Berlin] PHP Warning:  Illegal string offset 'items' in /Applications/XAMPP/xamppfiles/htdocs/cs637/rdahal/proj2/proj2_server/model/order_db.php on line 127
[08-May-2017 01:40:16 Europe/Berlin] PHP Notice:  Array to string conversion in /Applications/XAMPP/xamppfiles/htdocs/cs637/rdahal/proj2/proj2_server/model/order_db.php on line 127
[08-May-2017 01:40:16 Europe/Berlin] hi from handle_get_order{"customerID":"1","orderID":"1","delivered":"false","items":[{"productID":"11","quantity":"1"},{"productID":"12","quantity":"1"}]}
[08-May-2017 01:40:23 Europe/Berlin] PHP Notice:  Undefined offset: 3 in /Applications/XAMPP/xamppfiles/htdocs/cs637/rdahal/proj2/proj2_server/rest/index.php on line 33
[08-May-2017 01:40:23 Europe/Berlin] starting REST server request, method=GET, uri = .../rest/orders
[08-May-2017 01:40:23 Europe/Berlin] request at case orders
[08-May-2017 01:40:23 Europe/Berlin] PHP Warning:  Illegal string offset 'orderID' in /Applications/XAMPP/xamppfiles/htdocs/cs637/rdahal/proj2/proj2_server/model/order_db.php on line 155
[08-May-2017 01:40:23 Europe/Berlin] PHP Warning:  Illegal string offset 'customerID' in /Applications/XAMPP/xamppfiles/htdocs/cs637/rdahal/proj2/proj2_server/model/order_db.php on line 161
[08-May-2017 01:40:23 Europe/Berlin] PHP Warning:  Illegal string offset 'orderID' in /Applications/XAMPP/xamppfiles/htdocs/cs637/rdahal/proj2/proj2_server/model/order_db.php on line 161
[08-May-2017 01:40:23 Europe/Berlin] PHP Warning:  Illegal string offset 'orderID' in /Applications/XAMPP/xamppfiles/htdocs/cs637/rdahal/proj2/proj2_server/model/order_db.php on line 155
[08-May-2017 01:40:23 Europe/Berlin] PHP Warning:  Illegal string offset 'customerID' in /Applications/XAMPP/xamppfiles/htdocs/cs637/rdahal/proj2/proj2_server/model/order_db.php on line 161
[08-May-2017 01:40:23 Europe/Berlin] PHP Warning:  Illegal string offset 'orderID' in /Applications/XAMPP/xamppfiles/htdocs/cs637/rdahal/proj2/proj2_server/model/order_db.php on line 161
[08-May-2017 01:40:23 Europe/Berlin] PHP Warning:  Illegal string offset 'orderID' in /Applications/XAMPP/xamppfiles/htdocs/cs637/rdahal/proj2/proj2_server/model/order_db.php on line 155
[08-May-2017 01:40:23 Europe/Berlin] hi from handle_get_orders[{"customerID":"1","orderID":"1","items":[[{"productID":"11","quantity":"1"},{"productID":"12","quantity":"1"}]]},{"customerID":"1","orderID":"1","items":[[{"productID":"11","quantity":"1"},{"productID":"12","quantity":"1"}]]}]
